  [1m[35m (0.2ms)[0m  [1m[34mSELECT sqlite_version(*)[0m
  ↳ bin/rails:9
  [1m[35m (122.7ms)[0m  [1m[35mCREATE TABLE "schema_migrations" ("version" varchar NOT NULL PRIMARY KEY)[0m
  ↳ bin/rails:9
  [1m[35m (113.6ms)[0m  [1m[35mCREATE TABLE "ar_internal_metadata" ("key" varchar NOT NULL PRIMARY KEY, "value" varchar, "created_at" datetime NOT NULL, "updated_at" datetime NOT NULL)[0m
  ↳ bin/rails:9
  [1m[35m (0.3ms)[0m  [1m[34mSELECT "schema_migrations"."version" FROM "schema_migrations" ORDER BY "schema_migrations"."version" ASC[0m
  ↳ bin/rails:9
Migrating to CreateDoctors (20190805101512)
  [1m[35m (0.1ms)[0m  [1m[36mbegin transaction[0m
  ↳ bin/rails:9
  [1m[35m (0.5ms)[0m  [1m[35mCREATE TABLE "doctors" ("id" integer PRIMARY KEY AUTOINCREMENT NOT NULL, "first_name" varchar, "last_name" varchar, "specialty" varchar, "zip_code" varchar, "created_at" datetime NOT NULL, "updated_at" datetime NOT NULL)[0m
  ↳ db/migrate/20190805101512_create_doctors.rb:3
  [1m[36mActiveRecord::SchemaMigration Create (0.3ms)[0m  [1m[32mINSERT INTO "schema_migrations" ("version") VALUES (?)[0m  [["version", "20190805101512"]]
  ↳ bin/rails:9
  [1m[35m (111.9ms)[0m  [1m[36mcommit transaction[0m
  ↳ bin/rails:9
Migrating to CreatePatients (20190805101617)
  [1m[35m (0.1ms)[0m  [1m[36mbegin transaction[0m
  ↳ bin/rails:9
  [1m[35m (0.4ms)[0m  [1m[35mCREATE TABLE "patients" ("id" integer PRIMARY KEY AUTOINCREMENT NOT NULL, "first_name" varchar, "last_name" varchar, "created_at" datetime NOT NULL, "updated_at" datetime NOT NULL)[0m
  ↳ db/migrate/20190805101617_create_patients.rb:3
  [1m[36mActiveRecord::SchemaMigration Create (0.3ms)[0m  [1m[32mINSERT INTO "schema_migrations" ("version") VALUES (?)[0m  [["version", "20190805101617"]]
  ↳ bin/rails:9
  [1m[35m (120.1ms)[0m  [1m[36mcommit transaction[0m
  ↳ bin/rails:9
Migrating to CreateAppointments (20190805101725)
  [1m[35m (0.1ms)[0m  [1m[36mbegin transaction[0m
  ↳ bin/rails:9
  [1m[35m (0.4ms)[0m  [1m[35mCREATE TABLE "appointments" ("id" integer PRIMARY KEY AUTOINCREMENT NOT NULL, "date" datetime, "doctor_id" integer, "patient_id" integer, "created_at" datetime NOT NULL, "updated_at" datetime NOT NULL)[0m
  ↳ db/migrate/20190805101725_create_appointments.rb:3
  [1m[35m (0.2ms)[0m  [1m[35mCREATE  INDEX "index_appointments_on_doctor_id" ON "appointments" ("doctor_id")[0m
  ↳ db/migrate/20190805101725_create_appointments.rb:3
  [1m[35m (0.1ms)[0m  [1m[35mCREATE  INDEX "index_appointments_on_patient_id" ON "appointments" ("patient_id")[0m
  ↳ db/migrate/20190805101725_create_appointments.rb:3
  [1m[36mActiveRecord::SchemaMigration Create (0.2ms)[0m  [1m[32mINSERT INTO "schema_migrations" ("version") VALUES (?)[0m  [["version", "20190805101725"]]
  ↳ bin/rails:9
  [1m[35m (103.2ms)[0m  [1m[36mcommit transaction[0m
  ↳ bin/rails:9
Migrating to CreateCities (20190805120533)
  [1m[35m (0.1ms)[0m  [1m[36mbegin transaction[0m
  ↳ bin/rails:9
  [1m[35m (0.6ms)[0m  [1m[35mCREATE TABLE "cities" ("id" integer PRIMARY KEY AUTOINCREMENT NOT NULL, "name" varchar, "created_at" datetime NOT NULL, "updated_at" datetime NOT NULL)[0m
  ↳ db/migrate/20190805120533_create_cities.rb:3
  [1m[36mActiveRecord::SchemaMigration Create (0.3ms)[0m  [1m[32mINSERT INTO "schema_migrations" ("version") VALUES (?)[0m  [["version", "20190805120533"]]
  ↳ bin/rails:9
  [1m[35m (145.4ms)[0m  [1m[36mcommit transaction[0m
  ↳ bin/rails:9
Migrating to AddIndexToPatient (20190805120750)
  [1m[35m (0.1ms)[0m  [1m[36mbegin transaction[0m
  ↳ bin/rails:9
  [1m[35m (0.4ms)[0m  [1m[35mALTER TABLE "patients" ADD "city_id" integer[0m
  ↳ db/migrate/20190805120750_add_index_to_patient.rb:3
  [1m[35m (0.2ms)[0m  [1m[35mCREATE  INDEX "index_patients_on_city_id" ON "patients" ("city_id")[0m
  ↳ db/migrate/20190805120750_add_index_to_patient.rb:3
  [1m[36mActiveRecord::SchemaMigration Create (0.2ms)[0m  [1m[32mINSERT INTO "schema_migrations" ("version") VALUES (?)[0m  [["version", "20190805120750"]]
  ↳ bin/rails:9
  [1m[35m (111.4ms)[0m  [1m[36mcommit transaction[0m
  ↳ bin/rails:9
Migrating to AddIndexDoctor (20190805121638)
  [1m[35m (0.1ms)[0m  [1m[36mbegin transaction[0m
  ↳ bin/rails:9
  [1m[35m (0.4ms)[0m  [1m[35mALTER TABLE "doctors" ADD "city_id" integer[0m
  ↳ db/migrate/20190805121638_add_index_doctor.rb:3
  [1m[35m (0.2ms)[0m  [1m[35mCREATE  INDEX "index_doctors_on_city_id" ON "doctors" ("city_id")[0m
  ↳ db/migrate/20190805121638_add_index_doctor.rb:3
  [1m[36mActiveRecord::SchemaMigration Create (0.2ms)[0m  [1m[32mINSERT INTO "schema_migrations" ("version") VALUES (?)[0m  [["version", "20190805121638"]]
  ↳ bin/rails:9
  [1m[35m (122.5ms)[0m  [1m[36mcommit transaction[0m
  ↳ bin/rails:9
Migrating to AddIndexToAppointment (20190805123316)
  [1m[35m (0.1ms)[0m  [1m[36mbegin transaction[0m
  ↳ bin/rails:9
  [1m[35m (0.5ms)[0m  [1m[35mALTER TABLE "appointments" ADD "city_id" integer[0m
  ↳ db/migrate/20190805123316_add_index_to_appointment.rb:3
  [1m[35m (0.2ms)[0m  [1m[35mCREATE  INDEX "index_appointments_on_city_id" ON "appointments" ("city_id")[0m
  ↳ db/migrate/20190805123316_add_index_to_appointment.rb:3
  [1m[36mActiveRecord::SchemaMigration Create (0.2ms)[0m  [1m[32mINSERT INTO "schema_migrations" ("version") VALUES (?)[0m  [["version", "20190805123316"]]
  ↳ bin/rails:9
  [1m[35m (119.5ms)[0m  [1m[36mcommit transaction[0m
  ↳ bin/rails:9
  [1m[36mActiveRecord::InternalMetadata Load (0.3ms)[0m  [1m[34mSELECT  "ar_internal_metadata".* FROM "ar_internal_metadata" WHERE "ar_internal_metadata"."key" = ? LIMIT ?[0m  [["key", "environment"], ["LIMIT", 1]]
  ↳ bin/rails:9
  [1m[35m (0.1ms)[0m  [1m[36mbegin transaction[0m
  ↳ bin/rails:9
  [1m[36mActiveRecord::InternalMetadata Create (0.4ms)[0m  [1m[32mINSERT INTO "ar_internal_metadata" ("key", "value", "created_at", "updated_at") VALUES (?, ?, ?, ?)[0m  [["key", "environment"], ["value", "development"], ["created_at", "2019-08-05 13:19:12.592126"], ["updated_at", "2019-08-05 13:19:12.592126"]]
  ↳ bin/rails:9
  [1m[35m (98.1ms)[0m  [1m[36mcommit transaction[0m
  ↳ bin/rails:9
  [1m[35m (0.2ms)[0m  [1m[34mSELECT "schema_migrations"."version" FROM "schema_migrations" ORDER BY "schema_migrations"."version" ASC[0m
  ↳ bin/rails:9
  [1m[35m (0.3ms)[0m  [1m[34mSELECT "schema_migrations"."version" FROM "schema_migrations" ORDER BY "schema_migrations"."version" ASC[0m
  ↳ bin/rails:9
  [1m[35m (0.1ms)[0m  [1m[36mbegin transaction[0m
  [1m[35m (0.1ms)[0m  [1m[31mrollback transaction[0m
  [1m[35m (0.1ms)[0m  [1m[36mbegin transaction[0m
  [1m[35m (0.1ms)[0m  [1m[31mrollback transaction[0m
  [1m[35m (0.1ms)[0m  [1m[36mbegin transaction[0m
  [1m[35m (0.1ms)[0m  [1m[31mrollback transaction[0m
  [1m[35m (0.1ms)[0m  [1m[36mbegin transaction[0m
  [1m[35m (0.1ms)[0m  [1m[31mrollback transaction[0m
  [1m[35m (0.1ms)[0m  [1m[36mbegin transaction[0m
  [1m[36mCity Create (25.1ms)[0m  [1m[32mINSERT INTO "cities" ("name", "created_at", "updated_at") VALUES (?, ?, ?)[0m  [["name", "tana"], ["created_at", "2019-08-05 13:30:52.723279"], ["updated_at", "2019-08-05 13:30:52.723279"]]
  [1m[35m (91.0ms)[0m  [1m[36mcommit transaction[0m
  [1m[35m (0.1ms)[0m  [1m[36mbegin transaction[0m
  [1m[35m (0.1ms)[0m  [1m[31mrollback transaction[0m
  [1m[35m (0.1ms)[0m  [1m[36mbegin transaction[0m
  [1m[35m (0.1ms)[0m  [1m[31mrollback transaction[0m
  [1m[35m (0.1ms)[0m  [1m[36mbegin transaction[0m
  [1m[35m (0.1ms)[0m  [1m[31mrollback transaction[0m
  [1m[35m (0.1ms)[0m  [1m[36mbegin transaction[0m
  [1m[36mCity Load (0.3ms)[0m  [1m[34mSELECT  "cities".* FROM "cities" WHERE "cities"."id" = ? LIMIT ?[0m  [["id", 1], ["LIMIT", 1]]
  [1m[36mDoctor Create (0.5ms)[0m  [1m[32mINSERT INTO "doctors" ("first_name", "last_name", "specialty", "zip_code", "created_at", "updated_at", "city_id") VALUES (?, ?, ?, ?, ?, ?, ?)[0m  [["first_name", "rakoto"], ["last_name", "bema"], ["specialty", "dentiste"], ["zip_code", "jdskfj"], ["created_at", "2019-08-05 13:34:35.668246"], ["updated_at", "2019-08-05 13:34:35.668246"], ["city_id", 1]]
  [1m[35m (63.3ms)[0m  [1m[36mcommit transaction[0m
  [1m[36mAppointment Load (1.6ms)[0m  [1m[34mSELECT  "appointments".* FROM "appointments" LIMIT ?[0m  [["LIMIT", 11]]
  [1m[35m (0.1ms)[0m  [1m[36mbegin transaction[0m
  [1m[36mCity Create (4.1ms)[0m  [1m[32mINSERT INTO "cities" ("name", "created_at", "updated_at") VALUES (?, ?, ?)[0m  [["name", "Antananarivo"], ["created_at", "2019-08-05 13:51:23.357373"], ["updated_at", "2019-08-05 13:51:23.357373"]]
  [1m[35m (80.6ms)[0m  [1m[36mcommit transaction[0m
  [1m[36mCity Load (0.3ms)[0m  [1m[34mSELECT  "cities".* FROM "cities" WHERE "cities"."id" = ? LIMIT ?[0m  [["id", 1], ["LIMIT", 1]]
  [1m[36mDoctor Load (0.3ms)[0m  [1m[34mSELECT  "doctors".* FROM "doctors" LIMIT ?[0m  [["LIMIT", 11]]
  [1m[35m (0.1ms)[0m  [1m[36mbegin transaction[0m
  [1m[35m (0.1ms)[0m  [1m[31mrollback transaction[0m
  [1m[35m (0.1ms)[0m  [1m[36mbegin transaction[0m
  [1m[36mDoctor Create (14.5ms)[0m  [1m[32mINSERT INTO "doctors" ("first_name", "created_at", "updated_at", "city_id") VALUES (?, ?, ?, ?)[0m  [["first_name", "Marie"], ["created_at", "2019-08-05 13:54:21.298278"], ["updated_at", "2019-08-05 13:54:21.298278"], ["city_id", 2]]
  [1m[35m (75.2ms)[0m  [1m[36mcommit transaction[0m
  [1m[36mDoctor Load (0.4ms)[0m  [1m[34mSELECT  "doctors".* FROM "doctors" WHERE "doctors"."city_id" = ? LIMIT ?[0m  [["city_id", 2], ["LIMIT", 11]]
  [1m[35m (0.1ms)[0m  [1m[36mbegin transaction[0m
  [1m[36mDoctor Create (0.5ms)[0m  [1m[32mINSERT INTO "doctors" ("first_name", "created_at", "updated_at", "city_id") VALUES (?, ?, ?, ?)[0m  [["first_name", "lioka"], ["created_at", "2019-08-05 13:56:31.969958"], ["updated_at", "2019-08-05 13:56:31.969958"], ["city_id", 2]]
  [1m[35m (67.6ms)[0m  [1m[36mcommit transaction[0m
  [1m[36mDoctor Load (0.2ms)[0m  [1m[34mSELECT  "doctors".* FROM "doctors" WHERE "doctors"."city_id" = ? LIMIT ?[0m  [["city_id", 2], ["LIMIT", 11]]
  [1m[36mDoctor Load (0.2ms)[0m  [1m[34mSELECT  "doctors".* FROM "doctors" WHERE "doctors"."city_id" = ? LIMIT ?[0m  [["city_id", 2], ["LIMIT", 11]]
  [1m[36mDoctor Load (0.3ms)[0m  [1m[34mSELECT "doctors".* FROM "doctors" WHERE "doctors"."city_id" = ?[0m  [["city_id", 2]]
  [1m[36mPatient Load (0.3ms)[0m  [1m[34mSELECT  "patients".* FROM "patients" LIMIT ?[0m  [["LIMIT", 11]]
  [1m[35m (0.1ms)[0m  [1m[36mbegin transaction[0m
  [1m[36mPatient Create (0.4ms)[0m  [1m[32mINSERT INTO "patients" ("first_name", "created_at", "updated_at", "city_id") VALUES (?, ?, ?, ?)[0m  [["first_name", "dgfagag"], ["created_at", "2019-08-05 13:58:54.154435"], ["updated_at", "2019-08-05 13:58:54.154435"], ["city_id", 2]]
  [1m[35m (69.9ms)[0m  [1m[36mcommit transaction[0m
  [1m[35m (0.1ms)[0m  [1m[36mbegin transaction[0m
  [1m[35m (0.1ms)[0m  [1m[31mrollback transaction[0m
  [1m[35m (0.1ms)[0m  [1m[36mbegin transaction[0m
  [1m[36mAppointment Create (0.6ms)[0m  [1m[32mINSERT INTO "appointments" ("doctor_id", "patient_id", "created_at", "updated_at", "city_id") VALUES (?, ?, ?, ?, ?)[0m  [["doctor_id", 2], ["patient_id", 1], ["created_at", "2019-08-05 14:00:32.104749"], ["updated_at", "2019-08-05 14:00:32.104749"], ["city_id", 2]]
  [1m[35m (67.3ms)[0m  [1m[36mcommit transaction[0m
  [1m[35m (0.1ms)[0m  [1m[36mbegin transaction[0m
  [1m[35m (0.1ms)[0m  [1m[31mrollback transaction[0m
  [1m[35m (0.1ms)[0m  [1m[36mbegin transaction[0m
  [1m[35m (0.1ms)[0m  [1m[31mrollback transaction[0m
  [1m[35m (0.1ms)[0m  [1m[36mbegin transaction[0m
  [1m[36mCity Create (0.5ms)[0m  [1m[32mINSERT INTO "cities" ("name", "created_at", "updated_at") VALUES (?, ?, ?)[0m  [["name", "antsirabe"], ["created_at", "2019-08-05 14:03:50.085723"], ["updated_at", "2019-08-05 14:03:50.085723"]]
  [1m[35m (73.5ms)[0m  [1m[36mcommit transaction[0m
  [1m[35m (0.1ms)[0m  [1m[36mbegin transaction[0m
  [1m[35m (0.1ms)[0m  [1m[31mrollback transaction[0m
  [1m[35m (0.1ms)[0m  [1m[36mbegin transaction[0m
  [1m[36mDoctor Create (0.5ms)[0m  [1m[32mINSERT INTO "doctors" ("first_name", "created_at", "updated_at", "city_id") VALUES (?, ?, ?, ?)[0m  [["first_name", "armand"], ["created_at", "2019-08-05 14:05:42.876458"], ["updated_at", "2019-08-05 14:05:42.876458"], ["city_id", 3]]
  [1m[35m (67.3ms)[0m  [1m[36mcommit transaction[0m
  [1m[36mDoctor Load (0.2ms)[0m  [1m[34mSELECT  "doctors".* FROM "doctors" WHERE "doctors"."city_id" = ? LIMIT ?[0m  [["city_id", 3], ["LIMIT", 11]]
  [1m[35m (0.1ms)[0m  [1m[36mbegin transaction[0m
  [1m[36mDoctor Create (0.5ms)[0m  [1m[32mINSERT INTO "doctors" ("first_name", "created_at", "updated_at", "city_id") VALUES (?, ?, ?, ?)[0m  [["first_name", "Bema"], ["created_at", "2019-08-05 14:11:05.201987"], ["updated_at", "2019-08-05 14:11:05.201987"], ["city_id", 3]]
  [1m[35m (58.4ms)[0m  [1m[36mcommit transaction[0m
  [1m[36mDoctor Load (0.2ms)[0m  [1m[34mSELECT  "doctors".* FROM "doctors" WHERE "doctors"."city_id" = ? LIMIT ?[0m  [["city_id", 3], ["LIMIT", 11]]
  [1m[35m (0.1ms)[0m  [1m[36mbegin transaction[0m
  [1m[35m (0.1ms)[0m  [1m[31mrollback transaction[0m
  [1m[35m (0.2ms)[0m  [1m[36mbegin transaction[0m
  [1m[36mPatient Create (0.5ms)[0m  [1m[32mINSERT INTO "patients" ("first_name", "created_at", "updated_at", "city_id") VALUES (?, ?, ?, ?)[0m  [["first_name", "Koly"], ["created_at", "2019-08-05 14:13:17.823072"], ["updated_at", "2019-08-05 14:13:17.823072"], ["city_id", 3]]
  [1m[35m (75.2ms)[0m  [1m[36mcommit transaction[0m
  [1m[36mPatient Load (0.3ms)[0m  [1m[34mSELECT  "patients".* FROM "patients" WHERE "patients"."city_id" = ? LIMIT ?[0m  [["city_id", 3], ["LIMIT", 11]]
  [1m[35m (0.1ms)[0m  [1m[36mbegin transaction[0m
  [1m[35m (0.1ms)[0m  [1m[36mcommit transaction[0m
  [1m[36mAppointment Load (0.3ms)[0m  [1m[34mSELECT  "appointments".* FROM "appointments" WHERE "appointments"."city_id" = ? LIMIT ?[0m  [["city_id", 3], ["LIMIT", 11]]
  [1m[35m (0.1ms)[0m  [1m[36mbegin transaction[0m
  [1m[36mAppointment Create (0.5ms)[0m  [1m[32mINSERT INTO "appointments" ("doctor_id", "patient_id", "created_at", "updated_at", "city_id") VALUES (?, ?, ?, ?, ?)[0m  [["doctor_id", 2], ["patient_id", 1], ["created_at", "2019-08-05 14:31:23.207130"], ["updated_at", "2019-08-05 14:31:23.207130"], ["city_id", 3]]
  [1m[35m (72.3ms)[0m  [1m[36mcommit transaction[0m
  [1m[36mAppointment Load (0.2ms)[0m  [1m[34mSELECT  "appointments".* FROM "appointments" WHERE "appointments"."city_id" = ? LIMIT ?[0m  [["city_id", 3], ["LIMIT", 11]]
